<?xml version="1.0" encoding="UTF-8"?>
<!-- Generated by org.testng.reporters.JUnitReportReporter -->
<testsuite hostname="Bhawna" failures="0" tests="1" name="com.restTests.simpleTests.SimpleRestRequests" time="2.174" errors="0" timestamp="2023-06-22T17:43:57 PDT" skipped="0">
  <testcase classname="com.restTests.simpleTests.SimpleRestRequests" name="TestFakeResrApi" time="2.174"/>
  <system-out/>
</testsuite> <!-- com.restTests.simpleTests.SimpleRestRequests -->
